<?xml version="1.0" encoding="UTF-8"?>
<testsuite xmlns:xsi="http://www.w3.org/2001/XMLSchema-instance" xsi:noNamespaceSchemaLocation="https://maven.apache.org/surefire/maven-surefire-plugin/xsd/surefire-test-report-3.0.xsd" version="3.0" name="vs.bankingunittests.controller.ATMTest" time="0.281" tests="15" errors="0" skipped="0" failures="0">
  <properties>
[...]
</properties>
  <testcase name="withdraw_regular_account_zero_amount" classname="vs.bankingunittests.controller.ATMTest" time="0.079">
    <system-out><![CDATA[Withdrawing 0 from entities.Account{owner='vasouv', balance=1000, accountType='regular'}
New account balance: entities.Account{owner='vasouv', balance=1000, accountType='regular'}
]]></system-out>
  </testcase>
  <testcase name="transfer_regular_source_limited_target_zero_amount" classname="vs.bankingunittests.controller.ATMTest" time="0.002"/>
  <testcase name="withdraw_regular_account_normal_amount" classname="vs.bankingunittests.controller.ATMTest" time="0.004">
    <system-out><![CDATA[Withdrawing 250 from entities.Account{owner='vasouv', balance=1000, accountType='regular'}
New account balance: entities.Account{owner='vasouv', balance=750, accountType='regular'}
]]></system-out>
  </testcase>
  <testcase name="deposit_limited_account_amount_below_limit" classname="vs.bankingunittests.controller.ATMTest" time="0.003">
    <system-out><![CDATA[Depositing 100 to entities.Account{owner='mixos', balance=300, accountType='limit', limit='500'}
New account balance: entities.Account{owner='mixos', balance=400, accountType='limit', limit='500'}
]]></system-out>
  </testcase>
  <testcase name="withdraw_regular_account_amount_more_than_balance" classname="vs.bankingunittests.controller.ATMTest" time="0.017"/>
  <testcase name="withdraw_regular_account_amount_exactly_balance" classname="vs.bankingunittests.controller.ATMTest" time="0.004">
    <system-out><![CDATA[Withdrawing 1000 from entities.Account{owner='vasouv', balance=1000, accountType='regular'}
New account balance: entities.Account{owner='vasouv', balance=0, accountType='regular'}
]]></system-out>
  </testcase>
  <testcase name="transfer_regular_source_regular_target_normal_amount" classname="vs.bankingunittests.controller.ATMTest" time="0.002">
    <system-out><![CDATA[Transferring 350 from entities.Account{owner='chris', balance=2000, accountType='regular'} to entities.Account{owner='geo', balance=5000, accountType='regular'}
Withdrawing 350 from entities.Account{owner='chris', balance=2000, accountType='regular'}
New account balance: entities.Account{owner='chris', balance=1650, accountType='regular'}
Transfer successfull
]]></system-out>
  </testcase>
  <testcase name="deposit_regular_account_some_amount" classname="vs.bankingunittests.controller.ATMTest" time="0.003"/>
  <testcase name="transfer_regular_source_regular_target_amount_more_than_balance" classname="vs.bankingunittests.controller.ATMTest" time="0.01"/>
  <testcase name="deposit_limited_account_zero_amount" classname="vs.bankingunittests.controller.ATMTest" time="0.004">
    <system-out><![CDATA[Depositing 0 to entities.Account{owner='mixos', balance=300, accountType='limit', limit='500'}
New account balance: entities.Account{owner='mixos', balance=300, accountType='limit', limit='500'}
]]></system-out>
  </testcase>
  <testcase name="deposit_limited_account_amount_at_limit" classname="vs.bankingunittests.controller.ATMTest" time="0.003">
    <system-out><![CDATA[Depositing 200 to entities.Account{owner='mixos', balance=300, accountType='limit', limit='500'}
New account balance: entities.Account{owner='mixos', balance=500, accountType='limit', limit='500'}
]]></system-out>
  </testcase>
  <testcase name="deposit_limited_account_amount_above_limit" classname="vs.bankingunittests.controller.ATMTest" time="0.006"/>
  <testcase name="withdraw_limited_account_zero_amount" classname="vs.bankingunittests.controller.ATMTest" time="0.004">
    <system-out><![CDATA[Withdrawing 0 from entities.Account{owner='mixos', balance=300, accountType='limit', limit='500'}
New account balance: entities.Account{owner='mixos', balance=300, accountType='limit', limit='500'}
]]></system-out>
  </testcase>
  <testcase name="deposit_regular_account_zero_amount" classname="vs.bankingunittests.controller.ATMTest" time="0.003"/>
  <testcase name="transfer_regular_source_regular_target_zero_amount" classname="vs.bankingunittests.controller.ATMTest" time="0.006">
    <system-out><![CDATA[Transferring 0 from entities.Account{owner='chris', balance=2000, accountType='regular'} to entities.Account{owner='geo', balance=5000, accountType='regular'}
Withdrawing 0 from entities.Account{owner='chris', balance=2000, accountType='regular'}
New account balance: entities.Account{owner='chris', balance=2000, accountType='regular'}
Transfer successfull
]]></system-out>
  </testcase>
</testsuite>